Start testing: Apr 13 12:09 CEST
----------------------------------------------------------
1/2 Testing: qa_signal_generator_cw_c
1/2 Test: qa_signal_generator_cw_c
Command: "/bin/sh" "/home/stefan/git/radsens/gr-radar/build/python/qa_signal_generator_cw_c_test.sh"
Directory: /home/stefan/git/radsens/gr-radar/build/python
"qa_signal_generator_cw_c" start time: Apr 13 12:09 CEST
Output:
----------------------------------------------------------
.
----------------------------------------------------------------------
Ran 1 test in 0.420s

OK
<end of output>
Test time =   1.00 sec
----------------------------------------------------------
Test Passed.
"qa_signal_generator_cw_c" end time: Apr 13 12:09 CEST
"qa_signal_generator_cw_c" time elapsed: 00:00:01
----------------------------------------------------------

2/2 Testing: qa_simulator_cc
2/2 Test: qa_simulator_cc
Command: "/bin/sh" "/home/stefan/git/radsens/gr-radar/build/python/qa_simulator_cc_test.sh"
Directory: /home/stefan/git/radsens/gr-radar/build/python
"qa_simulator_cc" start time: Apr 13 12:09 CEST
Output:
----------------------------------------------------------
Using Volk machine: avx_64_mmx_orc
0 4.88281 -10.0098 
0 4.88281 -10.0098 
0 4.88281 -10.0098 
0 4.88281 -10.0098 
0 4.88281 -10.0098 
0 4.88281 -10.0098 
0 4.88281 -10.0098 
0 4.88281 -10.0098 
0 4.88281 -10.0098 
0 4.88281 -10.0098 
0 4.88281 -10.0098 
0 4.88281 -10.0098 
0 4.88281 -10.0098 
0 4.88281 -10.0098 
0 4.88281 -10.0098 
0 4.88281 -10.0098 
0 4.88281 -10.0098 
0 4.88281 -10.0098 
0 4.88281 -10.0098 
0 4.88281 -10.0098 
0 4.88281 -10.0098 
0 4.88281 -10.0098 
0 4.88281 -10.0098 
0 4.88281 -10.0098 
0 4.88281 -10.0098 
0 4.88281 -10.0098 
0 4.88281 -10.0098 
0 4.88281 -10.0098 
0 4.88281 -10.0098 
0 4.88281 -10.0098 
0 4.88281 -10.0098 
0 4.88281 -10.0098 
0 4.88281 -10.0098 
0 4.88281 -10.0098 
0 4.88281 -10.0098 
0 4.88281 -10.0098 
0 4.88281 -10.0098 
0 4.88281 -10.0098 
0 4.88281 -10.0098 
0 4.88281 -10.0098 
0 4.88281 -10.0098 
0 4.88281 -10.0098 
0 4.88281 -10.0098 
0 4.88281 -10.0098 
0 4.88281 -10.0098 
0 4.88281 -10.0098 
0 4.88281 -10.0098 
0 4.88281 -10.0098 
0 4.88281 -10.0098 
0 4.88281 -10.0098 
0 4.88281 -10.0098 
0 4.88281 -10.0098 
0 4.88281 -10.0098 
0 4.88281 -10.0098 
0 4.88281 -10.0098 
0 4.88281 -10.0098 
0 4.88281 -10.0098 
0 4.88281 -10.0098 
0 4.88281 -10.0098 
0 4.88281 -10.0098 
0 4.88281 -10.0098 
0 4.88281 -10.0098 
0 4.88281 -10.0098 
0 4.88281 -10.0098 
0 4.88281 -10.0098 
0 4.88281 -10.0098 
0 4.88281 -10.0098 
0 4.88281 -10.0098 
0 4.88281 -10.0098 
0 4.88281 -10.0098 
0 4.88281 -10.0098 
0 4.88281 -10.0098 
0 4.88281 -10.0098 
0 4.88281 -10.0098 
0 4.88281 -10.0098 
0 4.88281 -10.0098 
0 4.88281 -10.0098 
0 4.88281 -10.0098 
0 4.88281 -10.0098 
0 4.88281 -10.0098 
0 4.88281 -10.0098 
0 4.88281 -10.0098 
0 4.88281 -10.0098 
0 4.88281 -10.0098 
0 4.88281 -10.0098 
0 4.88281 -10.0098 
0 4.88281 -10.0098 
0 4.88281 -10.0098 
0 4.88281 -10.0098 
0 4.88281 -10.0098 
0 4.88281 -10.0098 
0 4.88281 -10.0098 
0 4.88281 -10.0098 
0 4.88281 -10.0098 
0 4.88281 -10.0098 
0 4.88281 -10.0098 
0 4.88281 -10.0098 
0 4.88281 -10.0098 
0 4.88281 -10.0098 
0 4.88281 -10.0098 
0 4.88281 -10.0098 
0 4.88281 -10.0098 
0 4.88281 -10.0098 
0 4.88281 -10.0098 
0 4.88281 -10.0098 
0 4.88281 -10.0098 
0 4.88281 -10.0098 
0 4.88281 -10.0098 
0 4.88281 -10.0098 
0 4.88281 -10.0098 
0 4.88281 -10.0098 
0 4.88281 -10.0098 
0 4.88281 -10.0098 
0 4.88281 -10.0098 
0 4.88281 -10.0098 
0 4.88281 -10.0098 
0 4.88281 -10.0098 
0 4.88281 -10.0098 
0 4.88281 -10.0098 
0 4.88281 -10.0098 
0 4.88281 -10.0098 
0 4.88281 -10.0098 
0 4.88281 -10.0098 
0 4.88281 -10.0098 
0 4.88281 -10.0098 
0 4.88281 -10.0098 
0 4.88281 -10.0098 
0 4.88281 -10.0098 
0 4.88281 -10.0098 
0 4.88281 -10.0098 
0 4.88281 -10.0098 
0 4.88281 -10.0098 
0 4.88281 -10.0098 
0 4.88281 -10.0098 
0 4.88281 -10.0098 
0 4.88281 -10.0098 
0 4.88281 -10.0098 
0 4.88281 -10.0098 
0 4.88281 -10.0098 
0 4.88281 -10.0098 
0 4.88281 -10.0098 
0 4.88281 -10.0098 
0 4.88281 -10.0098 
0 4.88281 -10.0098 
0 4.88281 -10.0098 
0 4.88281 -10.0098 
0 4.88281 -10.0098 
0 4.88281 -10.0098 
0 4.88281 -10.0098 
0 4.88281 -10.0098 
0 4.88281 -10.0098 
0 4.88281 -10.0098 
0 4.88281 -10.0098 
0 4.88281 -10.0098 
0 4.88281 -10.0098 
0 4.88281 -10.0098 
0 4.88281 -10.0098 
0 4.88281 -10.0098 
0 4.88281 -10.0098 
0 4.88281 -10.0098 
0 4.88281 -10.0098 
0 4.88281 -10.0098 
0 4.88281 -10.0098 
0 4.88281 -10.0098 
0 4.88281 -10.0098 
0 4.88281 -10.0098 
0 4.88281 -10.0098 
0 4.88281 -10.0098 
0 4.88281 -10.0098 
0 4.88281 -10.0098 
0 4.88281 -10.0098 
0 4.88281 -10.0098 
0 4.88281 -10.0098 
0 4.88281 -10.0098 
0 4.88281 -10.0098 
0 4.88281 -10.0098 
0 4.88281 -10.0098 
0 4.88281 -10.0098 
0 4.88281 -10.0098 
0 4.88281 -10.0098 
0 4.88281 -10.0098 
0 4.88281 -10.0098 
0 4.88281 -10.0098 
0 4.88281 -10.0098 
0 4.88281 -10.0098 
0 4.88281 -10.0098 
0 4.88281 -10.0098 
0 4.88281 -10.0098 
0 4.88281 -10.0098 
0 4.88281 -10.0098 
0 4.88281 -10.0098 
0 4.88281 -10.0098 
0 4.88281 -10.0098 
0 4.88281 -10.0098 
0 4.88281 -10.0098 
0 4.88281 -10.0098 
0 4.88281 -10.0098 
0 4.88281 -10.0098 
0 4.88281 -10.0098 
0 4.88281 -10.0098 
.
----------------------------------------------------------------------
Ran 1 test in 0.787s

OK
<end of output>
Test time =   1.16 sec
----------------------------------------------------------
Test Passed.
"qa_simulator_cc" end time: Apr 13 12:09 CEST
"qa_simulator_cc" time elapsed: 00:00:01
----------------------------------------------------------

End testing: Apr 13 12:09 CEST
